This is pdfTeX, Version 3.14159265-2.6-1.40.18 (TeX Live 2017/Debian) (preloaded format=pdflatex 2019.12.13)  13 DEC 2019 22:56
entering extended mode
 restricted \write18 enabled.
 %&-line parsing enabled.
**ProjectReport.tex
(./ProjectReport.tex
LaTeX2e <2017-04-15>
Babel <3.18> and hyphenation patterns for 84 language(s) loaded.
(/usr/share/texlive/texmf-dist/tex/latex/base/article.cls
Document Class: article 2014/09/29 v1.4h Standard LaTeX document class
(/usr/share/texlive/texmf-dist/tex/latex/base/size12.clo
File: size12.clo 2014/09/29 v1.4h Standard LaTeX file (size option)
)
\c@part=\count79
\c@section=\count80
\c@subsection=\count81
\c@subsubsection=\count82
\c@paragraph=\count83
\c@subparagraph=\count84
\c@figure=\count85
\c@table=\count86
\abovecaptionskip=\skip41
\belowcaptionskip=\skip42
\bibindent=\dimen102
)
(/usr/share/texlive/texmf-dist/tex/latex/amsmath/amsmath.sty
Package: amsmath 2017/09/02 v2.17a AMS math features
\@mathmargin=\skip43

For additional information on amsmath, use the `?' option.
(/usr/share/texlive/texmf-dist/tex/latex/amsmath/amstext.sty
Package: amstext 2000/06/29 v2.01 AMS text

(/usr/share/texlive/texmf-dist/tex/latex/amsmath/amsgen.sty
File: amsgen.sty 1999/11/30 v2.0 generic functions
\@emptytoks=\toks14
\ex@=\dimen103
))
(/usr/share/texlive/texmf-dist/tex/latex/amsmath/amsbsy.sty
Package: amsbsy 1999/11/29 v1.2d Bold Symbols
\pmbraise@=\dimen104
)
(/usr/share/texlive/texmf-dist/tex/latex/amsmath/amsopn.sty
Package: amsopn 2016/03/08 v2.02 operator names
)
\inf@bad=\count87
LaTeX Info: Redefining \frac on input line 213.
\uproot@=\count88
\leftroot@=\count89
LaTeX Info: Redefining \overline on input line 375.
\classnum@=\count90
\DOTSCASE@=\count91
LaTeX Info: Redefining \ldots on input line 472.
LaTeX Info: Redefining \dots on input line 475.
LaTeX Info: Redefining \cdots on input line 596.
\Mathstrutbox@=\box26
\strutbox@=\box27
\big@size=\dimen105
LaTeX Font Info:    Redeclaring font encoding OML on input line 712.
LaTeX Font Info:    Redeclaring font encoding OMS on input line 713.
\macc@depth=\count92
\c@MaxMatrixCols=\count93
\dotsspace@=\muskip10
\c@parentequation=\count94
\dspbrk@lvl=\count95
\tag@help=\toks15
\row@=\count96
\column@=\count97
\maxfields@=\count98
\andhelp@=\toks16
\eqnshift@=\dimen106
\alignsep@=\dimen107
\tagshift@=\dimen108
\tagwidth@=\dimen109
\totwidth@=\dimen110
\lineht@=\dimen111
\@envbody=\toks17
\multlinegap=\skip44
\multlinetaggap=\skip45
\mathdisplay@stack=\toks18
LaTeX Info: Redefining \[ on input line 2817.
LaTeX Info: Redefining \] on input line 2818.
)
(/usr/share/texlive/texmf-dist/tex/latex/amsfonts/amssymb.sty
Package: amssymb 2013/01/14 v3.01 AMS font symbols

(/usr/share/texlive/texmf-dist/tex/latex/amsfonts/amsfonts.sty
Package: amsfonts 2013/01/14 v3.01 Basic AMSFonts support
\symAMSa=\mathgroup4
\symAMSb=\mathgroup5
LaTeX Font Info:    Overwriting math alphabet `\mathfrak' in version `bold'
(Font)                  U/euf/m/n --> U/euf/b/n on input line 106.
))
(/usr/share/texlive/texmf-dist/tex/latex/graphics/graphicx.sty
Package: graphicx 2017/06/01 v1.1a Enhanced LaTeX Graphics (DPC,SPQR)

(/usr/share/texlive/texmf-dist/tex/latex/graphics/keyval.sty
Package: keyval 2014/10/28 v1.15 key=value parser (DPC)
\KV@toks@=\toks19
)
(/usr/share/texlive/texmf-dist/tex/latex/graphics/graphics.sty
Package: graphics 2017/06/25 v1.2c Standard LaTeX Graphics (DPC,SPQR)

(/usr/share/texlive/texmf-dist/tex/latex/graphics/trig.sty
Package: trig 2016/01/03 v1.10 sin cos tan (DPC)
)
(/usr/share/texlive/texmf-dist/tex/latex/graphics-cfg/graphics.cfg
File: graphics.cfg 2016/06/04 v1.11 sample graphics configuration
)
Package graphics Info: Driver file: pdftex.def on input line 99.

(/usr/share/texlive/texmf-dist/tex/latex/graphics-def/pdftex.def
File: pdftex.def 2018/01/08 v1.0l Graphics/color driver for pdftex
))
\Gin@req@height=\dimen112
\Gin@req@width=\dimen113
)
(/usr/share/texlive/texmf-dist/tex/latex/float/float.sty
Package: float 2001/11/08 v1.3d Float enhancements (AL)
\c@float@type=\count99
\float@exts=\toks20
\float@box=\box28
\@float@everytoks=\toks21
\@floatcapt=\box29
)
(/usr/share/texlive/texmf-dist/tex/latex/listings/listings.sty
\lst@mode=\count100
\lst@gtempboxa=\box30
\lst@token=\toks22
\lst@length=\count101
\lst@currlwidth=\dimen114
\lst@column=\count102
\lst@pos=\count103
\lst@lostspace=\dimen115
\lst@width=\dimen116
\lst@newlines=\count104
\lst@lineno=\count105
\lst@maxwidth=\dimen117

(/usr/share/texlive/texmf-dist/tex/latex/listings/lstmisc.sty
File: lstmisc.sty 2015/06/04 1.6 (Carsten Heinz)
\c@lstnumber=\count106
\lst@skipnumbers=\count107
\lst@framebox=\box31
)
(/usr/share/texlive/texmf-dist/tex/latex/listings/listings.cfg
File: listings.cfg 2015/06/04 1.6 listings configuration
))
Package: listings 2015/06/04 1.6 (Carsten Heinz)

(/usr/share/texlive/texmf-dist/tex/latex/xcolor/xcolor.sty
Package: xcolor 2016/05/11 v2.12 LaTeX color extensions (UK)

(/usr/share/texlive/texmf-dist/tex/latex/graphics-cfg/color.cfg
File: color.cfg 2016/01/02 v1.6 sample color configuration
)
Package xcolor Info: Driver file: pdftex.def on input line 225.
Package xcolor Info: Model `cmy' substituted by `cmy0' on input line 1348.
Package xcolor Info: Model `hsb' substituted by `rgb' on input line 1352.
Package xcolor Info: Model `RGB' extended on input line 1364.
Package xcolor Info: Model `HTML' substituted by `rgb' on input line 1366.
Package xcolor Info: Model `Hsb' substituted by `hsb' on input line 1367.
Package xcolor Info: Model `tHsb' substituted by `hsb' on input line 1368.
Package xcolor Info: Model `HSB' substituted by `hsb' on input line 1369.
Package xcolor Info: Model `Gray' substituted by `gray' on input line 1370.
Package xcolor Info: Model `wave' substituted by `hsb' on input line 1371.
)
(/usr/share/texlive/texmf-dist/tex/latex/parskip/parskip.sty
Package: parskip 2001/04/09 non-zero parskip adjustments
)
(/usr/share/texlive/texmf-dist/tex/latex/caption/caption.sty
Package: caption 2016/02/21 v3.3-144 Customizing captions (AR)

(/usr/share/texlive/texmf-dist/tex/latex/caption/caption3.sty
Package: caption3 2016/05/22 v1.7-166 caption3 kernel (AR)
Package caption3 Info: TeX engine: e-TeX on input line 67.
\captionmargin=\dimen118
\captionmargin@=\dimen119
\captionwidth=\dimen120
\caption@tempdima=\dimen121
\caption@indent=\dimen122
\caption@parindent=\dimen123
\caption@hangindent=\dimen124
)
\c@ContinuedFloat=\count108
Package caption Info: float package is loaded.
Package caption Info: listings package is loaded.
)
(/usr/share/texlive/texmf-dist/tex/latex/caption/subcaption.sty
Package: subcaption 2016/05/22 v1.1-161 Sub-captions (AR)
\c@subfigure=\count109
\c@subtable=\count110
)
(./ProjectReport.aux)
\openout1 = `ProjectReport.aux'.

LaTeX Font Info:    Checking defaults for OML/cmm/m/it on input line 46.
LaTeX Font Info:    ... okay on input line 46.
LaTeX Font Info:    Checking defaults for T1/cmr/m/n on input line 46.
LaTeX Font Info:    ... okay on input line 46.
LaTeX Font Info:    Checking defaults for OT1/cmr/m/n on input line 46.
LaTeX Font Info:    ... okay on input line 46.
LaTeX Font Info:    Checking defaults for OMS/cmsy/m/n on input line 46.
LaTeX Font Info:    ... okay on input line 46.
LaTeX Font Info:    Checking defaults for OMX/cmex/m/n on input line 46.
LaTeX Font Info:    ... okay on input line 46.
LaTeX Font Info:    Checking defaults for U/cmr/m/n on input line 46.
LaTeX Font Info:    ... okay on input line 46.

(/usr/share/texlive/texmf-dist/tex/context/base/mkii/supp-pdf.mkii
[Loading MPS to PDF converter (version 2006.09.02).]
\scratchcounter=\count111
\scratchdimen=\dimen125
\scratchbox=\box32
\nofMPsegments=\count112
\nofMParguments=\count113
\everyMPshowfont=\toks23
\MPscratchCnt=\count114
\MPscratchDim=\dimen126
\MPnumerator=\count115
\makeMPintoPDFobject=\count116
\everyMPtoPDFconversion=\toks24
) (/usr/share/texlive/texmf-dist/tex/latex/oberdiek/epstopdf-base.sty
Package: epstopdf-base 2016/05/15 v2.6 Base part for package epstopdf

(/usr/share/texlive/texmf-dist/tex/generic/oberdiek/infwarerr.sty
Package: infwarerr 2016/05/16 v1.4 Providing info/warning/error messages (HO)
)
(/usr/share/texlive/texmf-dist/tex/latex/oberdiek/grfext.sty
Package: grfext 2016/05/16 v1.2 Manage graphics extensions (HO)

(/usr/share/texlive/texmf-dist/tex/generic/oberdiek/kvdefinekeys.sty
Package: kvdefinekeys 2016/05/16 v1.4 Define keys (HO)

(/usr/share/texlive/texmf-dist/tex/generic/oberdiek/ltxcmds.sty
Package: ltxcmds 2016/05/16 v1.23 LaTeX kernel commands for general use (HO)
)))
(/usr/share/texlive/texmf-dist/tex/latex/oberdiek/kvoptions.sty
Package: kvoptions 2016/05/16 v3.12 Key value format for package options (HO)

(/usr/share/texlive/texmf-dist/tex/generic/oberdiek/kvsetkeys.sty
Package: kvsetkeys 2016/05/16 v1.17 Key value parser (HO)

(/usr/share/texlive/texmf-dist/tex/generic/oberdiek/etexcmds.sty
Package: etexcmds 2016/05/16 v1.6 Avoid name clashes with e-TeX commands (HO)

(/usr/share/texlive/texmf-dist/tex/generic/oberdiek/ifluatex.sty
Package: ifluatex 2016/05/16 v1.4 Provides the ifluatex switch (HO)
Package ifluatex Info: LuaTeX not detected.
)
Package etexcmds Info: Could not find \expanded.
(etexcmds)             That can mean that you are not using pdfTeX 1.50 or
(etexcmds)             that some package has redefined \expanded.
(etexcmds)             In the latter case, load this package earlier.
)))
(/usr/share/texlive/texmf-dist/tex/generic/oberdiek/pdftexcmds.sty
Package: pdftexcmds 2018/01/21 v0.26 Utility functions of pdfTeX for LuaTeX (HO
)

(/usr/share/texlive/texmf-dist/tex/generic/oberdiek/ifpdf.sty
Package: ifpdf 2017/03/15 v3.2 Provides the ifpdf switch
)
Package pdftexcmds Info: LuaTeX not detected.
Package pdftexcmds Info: \pdf@primitive is available.
Package pdftexcmds Info: \pdf@ifprimitive is available.
Package pdftexcmds Info: \pdfdraftmode found.
)
Package epstopdf-base Info: Redefining graphics rule for `.eps' on input line 4
38.
Package grfext Info: Graphics extension search list:
(grfext)             [.pdf,.png,.jpg,.mps,.jpeg,.jbig2,.jb2,.PDF,.PNG,.JPG,.JPE
G,.JBIG2,.JB2,.eps]
(grfext)             \AppendGraphicsExtensions on input line 456.

(/usr/share/texlive/texmf-dist/tex/latex/latexconfig/epstopdf-sys.cfg
File: epstopdf-sys.cfg 2010/07/13 v1.3 Configuration of (r)epstopdf for TeX Liv
e
))
\c@lstlisting=\count117
Package caption Info: Begin \AtBeginDocument code.
Package caption Info: End \AtBeginDocument code.
LaTeX Font Info:    Try loading font information for U+msa on input line 47.

(/usr/share/texlive/texmf-dist/tex/latex/amsfonts/umsa.fd
File: umsa.fd 2013/01/14 v3.01 AMS symbols A
)
LaTeX Font Info:    Try loading font information for U+msb on input line 47.

(/usr/share/texlive/texmf-dist/tex/latex/amsfonts/umsb.fd
File: umsb.fd 2013/01/14 v3.01 AMS symbols B
) (./ProjectReport.toc [1

{/var/lib/texmf/fonts/map/pdftex/updmap/pdftex.map}])
\tf@toc=\write3
\openout3 = `ProjectReport.toc'.

 [2]
<poster0.jpg, id=11, 2007.5pt x 1505.625pt>
File: poster0.jpg Graphic file (type jpg)
<use poster0.jpg>
Package pdftex.def Info: poster0.jpg  used on input line 60.
(pdftex.def)             Requested size: 426.79134pt x 320.09616pt.
 [3 <./poster0.jpg>] [4]
<nikhil_poster.jpg, id=19, 2007.5pt x 1505.625pt>
File: nikhil_poster.jpg Graphic file (type jpg)
<use nikhil_poster.jpg>
Package pdftex.def Info: nikhil_poster.jpg  used on input line 85.
(pdftex.def)             Requested size: 426.79134pt x 320.09616pt.
 [5 <./nikhil_poster.jpg>] [6]
<poster1.jpg, id=26, 2007.5pt x 1505.625pt>
File: poster1.jpg Graphic file (type jpg)
<use poster1.jpg>
Package pdftex.def Info: poster1.jpg  used on input line 119.
(pdftex.def)             Requested size: 426.79134pt x 320.09616pt.
Missing character: There is no ‚ in font cmr12!
Missing character: There is no Ä in font cmr12!
Missing character: There is no ú in font cmr12!
Missing character: There is no ‚ in font cmr12!
Missing character: There is no Ä in font cmr12!
Missing character: There is no ù in font cmr12!
Missing character: There is no ‚ in font cmr12!
Missing character: There is no Ä in font cmr12!
Missing character: There is no ú in font cmr12!
Missing character: There is no ‚ in font cmr12!
Missing character: There is no Ä in font cmr12!
Missing character: There is no ù in font cmr12!
 [7 <./poster1.jpg>] [8]
<dayvstemp.png, id=34, 526.96875pt x 460.72125pt>
File: dayvstemp.png Graphic file (type png)
<use dayvstemp.png>
Package pdftex.def Info: dayvstemp.png  used on input line 149.
(pdftex.def)             Requested size: 284.52756pt x 248.77171pt.
 [9]
<seasonvstemp.png, id=38, 526.96875pt x 467.49657pt>
File: seasonvstemp.png Graphic file (type png)
<use seasonvstemp.png>
Package pdftex.def Info: seasonvstemp.png  used on input line 159.
(pdftex.def)             Requested size: 426.79134pt x 378.64162pt.
 [10 <./dayvstemp.png>] [11 <./seasonvstemp.png (PNG copy)>] [12]
<tempxvalidk=2.png, id=50, 526.96875pt x 460.72125pt>
File: tempxvalidk=2.png Graphic file (type png)
<use tempxvalidk=2.png>
Package pdftex.def Info: tempxvalidk=2.png  used on input line 213.
(pdftex.def)             Requested size: 318.67085pt x 278.62122pt.
 [13 <./tempxvalidk=2.png (PNG copy)>]
Missing character: There is no ‚ in font cmtt12!
Missing character: There is no Ä in font cmtt12!
Missing character: There is no ò in font cmtt12!
Missing character: There is no ‚ in font cmtt12!
Missing character: There is no Ä in font cmtt12!
Missing character: There is no ô in font cmtt12!
Missing character: There is no ‚ in font cmtt12!
Missing character: There is no Ä in font cmtt12!
Missing character: There is no ò in font cmtt12!
Missing character: There is no ‚ in font cmtt12!
Missing character: There is no Ä in font cmtt12!
Missing character: There is no ô in font cmtt12!
Missing character: There is no ‚ in font cmtt12!
Missing character: There is no Ä in font cmtt12!
Missing character: There is no ò in font cmtt12!
Missing character: There is no ‚ in font cmtt12!
Missing character: There is no Ä in font cmtt12!
Missing character: There is no ô in font cmtt12!
Missing character: There is no ‚ in font cmtt12!
Missing character: There is no Ä in font cmtt12!
Missing character: There is no ò in font cmtt12!
Missing character: There is no ‚ in font cmtt12!
Missing character: There is no Ä in font cmtt12!
Missing character: There is no ô in font cmtt12!
Missing character: There is no ‚ in font cmtt12!
Missing character: There is no Ä in font cmtt12!
Missing character: There is no ò in font cmtt12!
Missing character: There is no ‚ in font cmtt12!
Missing character: There is no Ä in font cmtt12!
Missing character: There is no ô in font cmtt12!
<tempxvalidk=3.png, id=55, 526.96875pt x 460.72125pt>
File: tempxvalidk=3.png Graphic file (type png)
<use tempxvalidk=3.png>
Package pdftex.def Info: tempxvalidk=3.png  used on input line 258.
(pdftex.def)             Requested size: 234.87749pt x 205.35423pt.
<tempxvalidk=4.png, id=56, 526.96875pt x 460.72125pt>
File: tempxvalidk=4.png Graphic file (type png)
<use tempxvalidk=4.png>
Package pdftex.def Info: tempxvalidk=4.png  used on input line 258.
(pdftex.def)             Requested size: 234.87749pt x 205.35423pt.
<tempxvalidk=5.png, id=57, 526.96875pt x 460.72125pt>
File: tempxvalidk=5.png Graphic file (type png)
<use tempxvalidk=5.png>
Package pdftex.def Info: tempxvalidk=5.png  used on input line 260.
(pdftex.def)             Requested size: 234.87749pt x 205.35423pt.
<tempxvalidk=7.png, id=58, 526.96875pt x 460.72125pt>
File: tempxvalidk=7.png Graphic file (type png)
<use tempxvalidk=7.png>
Package pdftex.def Info: tempxvalidk=7.png  used on input line 260.
(pdftex.def)             Requested size: 234.87749pt x 205.35423pt.

Overfull \hbox (23.99998pt too wide) in paragraph at lines 257--263
[][] 
 []

[14]
File: tempxvalidk=2.png Graphic file (type png)
<use tempxvalidk=2.png>
Package pdftex.def Info: tempxvalidk=2.png  used on input line 272.
(pdftex.def)             Requested size: 234.87749pt x 205.35423pt.
File: tempxvalidk=4.png Graphic file (type png)
<use tempxvalidk=4.png>
Package pdftex.def Info: tempxvalidk=4.png  used on input line 272.
(pdftex.def)             Requested size: 234.87749pt x 205.35423pt.

Overfull \hbox (23.99998pt too wide) in paragraph at lines 271--275
[][] 
 []

[15 <./tempxvalidk=3.png (PNG copy)> <./tempxvalidk=4.png (PNG copy)> <./tempxv
alidk=5.png (PNG copy)> <./tempxvalidk=7.png (PNG copy)>]
File: tempxvalidk=4.png Graphic file (type png)
<use tempxvalidk=4.png>
Package pdftex.def Info: tempxvalidk=4.png  used on input line 284.
(pdftex.def)             Requested size: 234.87749pt x 205.35423pt.
File: tempxvalidk=5.png Graphic file (type png)
<use tempxvalidk=5.png>
Package pdftex.def Info: tempxvalidk=5.png  used on input line 284.
(pdftex.def)             Requested size: 234.87749pt x 205.35423pt.

Overfull \hbox (23.99998pt too wide) in paragraph at lines 283--287
[][] 
 []

[16]
File: tempxvalidk=4.png Graphic file (type png)
<use tempxvalidk=4.png>
Package pdftex.def Info: tempxvalidk=4.png  used on input line 296.
(pdftex.def)             Requested size: 234.87749pt x 205.35423pt.
File: tempxvalidk=7.png Graphic file (type png)
<use tempxvalidk=7.png>
Package pdftex.def Info: tempxvalidk=7.png  used on input line 296.
(pdftex.def)             Requested size: 234.87749pt x 205.35423pt.

Overfull \hbox (23.99998pt too wide) in paragraph at lines 295--299
[][] 
 []

[17]
<tempxvalidk=60.png, id=72, 526.96875pt x 460.72125pt>
File: tempxvalidk=60.png Graphic file (type png)
<use tempxvalidk=60.png>
Package pdftex.def Info: tempxvalidk=60.png  used on input line 311.
(pdftex.def)             Requested size: 426.79134pt x 373.15405pt.
<k=60model.png, id=73, 526.96875pt x 460.72125pt>
File: k=60model.png Graphic file (type png)
<use k=60model.png>
Package pdftex.def Info: k=60model.png  used on input line 320.
(pdftex.def)             Requested size: 426.79134pt x 373.15405pt.
 [18 <./tempxvalidk=60.png (PNG copy)>] [19 <./k=60model.png (PNG copy)>]
<atempvstemp.png, id=81, 376.40625pt x 328.97906pt>
File: atempvstemp.png Graphic file (type png)
<use atempvstemp.png>
Package pdftex.def Info: atempvstemp.png  used on input line 340.
(pdftex.def)             Requested size: 426.79134pt x 373.04214pt.

[20 <./atempvstemp.png (PNG copy)>]
<badatempxvalidk=4.png, id=85, 526.96875pt x 460.72125pt>
File: badatempxvalidk=4.png Graphic file (type png)
<use badatempxvalidk=4.png>
Package pdftex.def Info: badatempxvalidk=4.png  used on input line 359.
(pdftex.def)             Requested size: 369.88582pt x 323.40251pt.
 [21 <./badatempxvalidk=4.png (PNG copy)>]
<atempwindhumk=3.png, id=89, 526.96875pt x 460.72125pt>
File: atempwindhumk=3.png Graphic file (type png)
<use atempwindhumk=3.png>
Package pdftex.def Info: atempwindhumk=3.png  used on input line 373.
(pdftex.def)             Requested size: 155.02pt x 135.53197pt.
<atempwindhumk=4.png, id=90, 526.96875pt x 460.72125pt>
File: atempwindhumk=4.png Graphic file (type png)
<use atempwindhumk=4.png>
Package pdftex.def Info: atempwindhumk=4.png  used on input line 374.
(pdftex.def)             Requested size: 155.02pt x 135.53197pt.
<atempwindhumk=7.png, id=91, 526.96875pt x 460.72125pt>
File: atempwindhumk=7.png Graphic file (type png)
<use atempwindhumk=7.png>
Package pdftex.def Info: atempwindhumk=7.png  used on input line 374.
(pdftex.def)             Requested size: 155.02pt x 135.53197pt.

Overfull \hbox (31.30502pt too wide) in paragraph at lines 372--377
[][] 
 []

File: tempxvalidk=3.png Graphic file (type png)
<use tempxvalidk=3.png>
Package pdftex.def Info: tempxvalidk=3.png  used on input line 385.
(pdftex.def)             Requested size: 234.87749pt x 205.35423pt.
File: atempwindhumk=3.png Graphic file (type png)
<use atempwindhumk=3.png>
Package pdftex.def Info: atempwindhumk=3.png  used on input line 386.
(pdftex.def)             Requested size: 234.87749pt x 205.35423pt.

Overfull \hbox (23.99998pt too wide) in paragraph at lines 384--389
[][] 
 []

[22 <./atempwindhumk=3.png (PNG copy)> <./atempwindhumk=4.png (PNG copy)> <./at
empwindhumk=7.png (PNG copy)>] [23]
<atempextrak=4.png, id=98, 526.96875pt x 460.72125pt>
File: atempextrak=4.png Graphic file (type png)
<use atempextrak=4.png>
Package pdftex.def Info: atempextrak=4.png  used on input line 449.
(pdftex.def)             Requested size: 426.79134pt x 373.15405pt.
 [24] [25 <./atempextrak=4.png (PNG copy)>]
<"Weathersit Predicted by Humidity".png, id=106, 828.09375pt x 376.40625pt>
File: "Weathersit Predicted by Humidity".png Graphic file (type png)
<use "Weathersit Predicted by Humidity".png>
Package pdftex.def Info: "Weathersit Predicted by Humidity".png  used on input 
line 477.
(pdftex.def)             Requested size: 426.79134pt x 193.99783pt.

[26]
<"Weathersit Predicted by Windspeed".png, id=111, 828.09375pt x 376.40625pt>
File: "Weathersit Predicted by Windspeed".png Graphic file (type png)
<use "Weathersit Predicted by Windspeed".png>
Package pdftex.def Info: "Weathersit Predicted by Windspeed".png  used on input
 line 487.
(pdftex.def)             Requested size: 426.79134pt x 193.99783pt.
<"Weathersit Predicted by Total Bikes Registered".png, id=112, 828.09375pt x 37
6.40625pt>
File: "Weathersit Predicted by Total Bikes Registered".png Graphic file (type p
ng)
<use "Weathersit Predicted by Total Bikes Registered".png>
Package pdftex.def Info: "Weathersit Predicted by Total Bikes Registered".png  
used on input line 496.
(pdftex.def)             Requested size: 426.79134pt x 193.99783pt.
 [27 <./Weathersit Predicted by Humidity.png> <./Weathersit Predicted by Windsp
eed.png>] [28 <./Weathersit Predicted by Total Bikes Registered.png>]
<"Sequential Model Comparison".png, id=122, 828.09375pt x 376.40625pt>
File: "Sequential Model Comparison".png Graphic file (type png)
<use "Sequential Model Comparison".png>
Package pdftex.def Info: "Sequential Model Comparison".png  used on input line 
532.
(pdftex.def)             Requested size: 426.79134pt x 193.99783pt.
<"Random Model Comparison".png, id=123, 828.09375pt x 376.40625pt>
File: "Random Model Comparison".png Graphic file (type png)
<use "Random Model Comparison".png>
Package pdftex.def Info: "Random Model Comparison".png  used on input line 541.

(pdftex.def)             Requested size: 426.79134pt x 193.99783pt.

[29 <./Sequential Model Comparison.png>]
<"Prediction Accuracy Distribution".png, id=128, 828.09375pt x 376.40625pt>
File: "Prediction Accuracy Distribution".png Graphic file (type png)
<use "Prediction Accuracy Distribution".png>
Package pdftex.def Info: "Prediction Accuracy Distribution".png  used on input 
line 557.
(pdftex.def)             Requested size: 426.79134pt x 193.99783pt.
 [30 <./Random Model Comparison.png>]
<"Seq Pred".png, id=133, 828.09375pt x 376.40625pt>
File: "Seq Pred".png Graphic file (type png)
<use "Seq Pred".png>
Package pdftex.def Info: "Seq Pred".png  used on input line 568.
(pdftex.def)             Requested size: 426.79134pt x 193.99783pt.

[31 <./Prediction Accuracy Distribution.png> <./Seq Pred.png>] [32] [33]
<DvsH1half.png, id=146, 526.96875pt x 477.28313pt>
File: DvsH1half.png Graphic file (type png)
<use DvsH1half.png>
Package pdftex.def Info: DvsH1half.png  used on input line 631.
(pdftex.def)             Requested size: 246.62207pt x 223.36905pt.

Overfull \hbox (11.74458pt too wide) in paragraph at lines 631--632
 [][] 
 []

<DvsH2half.png, id=147, 526.96875pt x 477.28313pt>
File: DvsH2half.png Graphic file (type png)
<use DvsH2half.png>
Package pdftex.def Info: DvsH2half.png  used on input line 637.
(pdftex.def)             Requested size: 246.62207pt x 223.36905pt.

Overfull \hbox (11.74458pt too wide) in paragraph at lines 637--638
 [][] 
 []

<DvsHjan.png, id=148, 526.96875pt x 477.28313pt>
File: DvsHjan.png Graphic file (type png)
<use DvsHjan.png>
Package pdftex.def Info: DvsHjan.png  used on input line 652.
(pdftex.def)             Requested size: 246.62207pt x 223.36905pt.

Overfull \hbox (11.74458pt too wide) in paragraph at lines 652--653
 [][] 
 []

<DvsHfeb.png, id=149, 526.96875pt x 477.28313pt>
File: DvsHfeb.png Graphic file (type png)
<use DvsHfeb.png>
Package pdftex.def Info: DvsHfeb.png  used on input line 658.
(pdftex.def)             Requested size: 246.62207pt x 223.36905pt.

Overfull \hbox (11.74458pt too wide) in paragraph at lines 658--659
 [][] 
 []

[34 <./DvsH1half.png> <./DvsH2half.png>] [35 <./DvsHjan.png> <./DvsHfeb.png>]
<TvsH.png, id=161, 526.96875pt x 456.20438pt>
File: TvsH.png Graphic file (type png)
<use TvsH.png>
Package pdftex.def Info: TvsH.png  used on input line 700.
(pdftex.def)             Requested size: 199.16928pt x 172.42667pt.
<ATvsH.png, id=162, 526.96875pt x 456.20438pt>
File: ATvsH.png Graphic file (type png)
<use ATvsH.png>
Package pdftex.def Info: ATvsH.png  used on input line 706.
(pdftex.def)             Requested size: 199.16928pt x 172.42667pt.

[36]
<T-ATvsH.png, id=166, 526.96875pt x 477.28313pt>
File: T-ATvsH.png Graphic file (type png)
<use T-ATvsH.png>
Package pdftex.def Info: T-ATvsH.png  used on input line 722.
(pdftex.def)             Requested size: 284.52756pt x 257.71448pt.
 [37 <./TvsH.png> <./ATvsH.png>] [38 <./T-ATvsH.png>]
Missing character: There is no ‚ in font cmtt12!
Missing character: There is no Ä in font cmtt12!
Missing character: There is no ò in font cmtt12!
Missing character: There is no ‚ in font cmtt12!
Missing character: There is no Ä in font cmtt12!
Missing character: There is no ô in font cmtt12!
Missing character: There is no ‚ in font cmtt12!
Missing character: There is no Ä in font cmtt12!
Missing character: There is no ò in font cmtt12!
Missing character: There is no ‚ in font cmtt12!
Missing character: There is no Ä in font cmtt12!
Missing character: There is no ô in font cmtt12!
Missing character: There is no ‚ in font cmtt12!
Missing character: There is no Ä in font cmtt12!
Missing character: There is no ò in font cmtt12!
Missing character: There is no ‚ in font cmtt12!
Missing character: There is no Ä in font cmtt12!
Missing character: There is no ô in font cmtt12!
Missing character: There is no ‚ in font cmtt12!
Missing character: There is no Ä in font cmtt12!
Missing character: There is no ò in font cmtt12!
Missing character: There is no ‚ in font cmtt12!
Missing character: There is no Ä in font cmtt12!
Missing character: There is no ô in font cmtt12!
Missing character: There is no ‚ in font cmtt12!
Missing character: There is no Ä in font cmtt12!
Missing character: There is no ò in font cmtt12!
Missing character: There is no ‚ in font cmtt12!
Missing character: There is no Ä in font cmtt12!
Missing character: There is no ô in font cmtt12!
<T-ATk5.png, id=177, 463.7325pt x 420.06938pt>
File: T-ATk5.png Graphic file (type png)
<use T-ATk5.png>
Package pdftex.def Info: T-ATk5.png  used on input line 766.
(pdftex.def)             Requested size: 213.39566pt x 193.30476pt.
 [39 <./T-ATk5.png>]
[40]
Overfull \hbox (3.17276pt too wide) in paragraph at lines 796--796
[]\OT1/cmr/bx/n/12 Comparing the ef-fects of Tem-per-a-ture and At-mo-spheric T
em-per-a-ture 
 []

<TempWs.png, id=185, 526.96875pt x 420.06938pt>
File: TempWs.png Graphic file (type png)
<use TempWs.png>
Package pdftex.def Info: TempWs.png  used on input line 801.
(pdftex.def)             Requested size: 210.55038pt x 167.83888pt.
[41]
<AtempWs.png, id=189, 526.96875pt x 420.06938pt>
File: AtempWs.png Graphic file (type png)
<use AtempWs.png>
Package pdftex.def Info: AtempWs.png  used on input line 808.
(pdftex.def)             Requested size: 210.55038pt x 167.83888pt.


LaTeX Warning: Reference `fig:tvsws' on page 42 undefined on input line 814.

<T-Awk2.png, id=190, 526.96875pt x 477.28313pt>
File: T-Awk2.png Graphic file (type png)
<use T-Awk2.png>
Package pdftex.def Info: T-Awk2.png  used on input line 822.
(pdftex.def)             Requested size: 256.0748pt x 231.94084pt.

LaTeX Warning: `!h' float specifier changed to `!ht'.

[42 <./TempWs.png> <./AtempWs.png>] [43 <./T-Awk2.png>]
<T-Awk3.png, id=201, 526.96875pt x 477.28313pt>
File: T-Awk3.png Graphic file (type png)
<use T-Awk3.png>
Package pdftex.def Info: T-Awk3.png  used on input line 865.
(pdftex.def)             Requested size: 227.62204pt x 206.15993pt.
<T-Awk5.png, id=202, 526.96875pt x 477.28313pt>
File: T-Awk5.png Graphic file (type png)
<use T-Awk5.png>
Package pdftex.def Info: T-Awk5.png  used on input line 871.
(pdftex.def)             Requested size: 227.62204pt x 206.15993pt.
 [44 <./T-Awk3.png> <./T-Awk5.png>] [45]
LaTeX Font Info:    Try loading font information for OMS+cmr on input line 902.

 (/usr/share/texlive/texmf-dist/tex/latex/base/omscmr.fd
File: omscmr.fd 2014/09/29 v2.5h Standard LaTeX font definitions
)
LaTeX Font Info:    Font shape `OMS/cmr/m/n' in size <12> not available
(Font)              Font shape `OMS/cmsy/m/n' tried instead on input line 902.

[46] (/usr/share/texlive/texmf-dist/tex/latex/listings/lstlang1.sty
File: lstlang1.sty 2015/06/04 1.6 listings language file
)
(/usr/share/texlive/texmf-dist/tex/latex/listings/lstlang2.sty
File: lstlang2.sty 2015/06/04 1.6 listings language file
)
(/usr/share/texlive/texmf-dist/tex/latex/listings/lstlang3.sty
File: lstlang3.sty 2015/06/04 1.6 listings language file
) [47] [48]
[49] [50] [51] [52] [53] [54] [55] [56] [57] [58]
<grouppic.jpg, id=255, 1541.76pt x 2055.68pt>
File: grouppic.jpg Graphic file (type jpg)
<use grouppic.jpg>
Package pdftex.def Info: grouppic.jpg  used on input line 1521.
(pdftex.def)             Requested size: 446.2658pt x 595.00273pt.

Overfull \vbox (7.31606pt too high) has occurred while \output is active []


[59 <./grouppic.jpg>] (./ProjectReport.aux)

LaTeX Warning: There were undefined references.

 ) 
Here is how much of TeX's memory you used:
 6389 strings out of 492982
 91166 string characters out of 6134895
 421635 words of memory out of 5000000
 9838 multiletter control sequences out of 15000+600000
 13694 words of font info for 53 fonts, out of 8000000 for 9000
 1141 hyphenation exceptions out of 8191
 41i,13n,42p,1363b,2225s stack positions out of 5000i,500n,10000p,200000b,80000s
</usr/share/texlive/texmf-dist/fonts/type1/public/amsfonts/cm/cmbx12.pfb></us
r/share/texlive/texmf-dist/fonts/type1/public/amsfonts/cm/cmmi12.pfb></usr/shar
e/texlive/texmf-dist/fonts/type1/public/amsfonts/cm/cmr10.pfb></usr/share/texli
ve/texmf-dist/fonts/type1/public/amsfonts/cm/cmr12.pfb></usr/share/texlive/texm
f-dist/fonts/type1/public/amsfonts/cm/cmr6.pfb></usr/share/texlive/texmf-dist/f
onts/type1/public/amsfonts/cm/cmsy10.pfb></usr/share/texlive/texmf-dist/fonts/t
ype1/public/amsfonts/cm/cmti12.pfb></usr/share/texlive/texmf-dist/fonts/type1/p
ublic/amsfonts/cm/cmtt10.pfb></usr/share/texlive/texmf-dist/fonts/type1/public/
amsfonts/cm/cmtt12.pfb>
Output written on ProjectReport.pdf (59 pages, 3372184 bytes).
PDF statistics:
 291 PDF objects out of 1000 (max. 8388607)
 159 compressed objects within 2 object streams
 0 named destinations out of 1000 (max. 500000)
 196 words of extra memory for PDF output out of 10000 (max. 10000000)

